Using pre-set license
Built from 'trunk' branch; Version is '2021.1.0a6 (0722b711ea8f) revision 467639'; Using compiler version '192528614'; Build Type 'Release'
OS: 'Windows 10 Home Single Language; OS build 19041.630; Version 2004; 64bit' Language: 'en' Physical Memory: 12163 MB
BatchMode: 1, IsHumanControllingUs: 0, StartBugReporterOnCrash: 0, Is64bit: 1, IsPro: 0

 COMMAND LINE ARGUMENTS:
D:\Program Files\Unity\2021.1.0a6\Editor\Unity.exe
-adb2
-batchMode
-noUpm
-name
AssetImportWorker2
-projectPath
D:/Games/Unity/Reigns of Patriatic Gameplay
-logFile
Logs/AssetImportWorker2.log
-srvPort
50566
Successfully changed project path to: D:/Games/Unity/Reigns of Patriatic Gameplay
D:/Games/Unity/Reigns of Patriatic Gameplay
Using Asset Import Pipeline V2.
Refreshing native plugins compatible for Editor in 370.91 ms, found 2 plugins.
Preloading 0 native plugins for Editor in 0.00 ms.
Initialize engine version: 2021.1.0a6 (0722b711ea8f)
[Subsystems] Discovering subsystems at path D:/Program Files/Unity/2021.1.0a6/Editor/Data/Resources/UnitySubsystems
[Subsystems] Discovering subsystems at path D:/Games/Unity/Reigns of Patriatic Gameplay/Assets
GfxDevice: creating device client; threaded=0; jobified=0
Direct3D:
    Version:  Direct3D 11.0 [level 11.1]
    Renderer: Intel(R) HD Graphics 620 (ID=0x5921)
    Vendor:   
    VRAM:     6081 MB
    Driver:   25.20.100.6444
Initialize mono
Mono path[0] = 'D:/Program Files/Unity/2021.1.0a6/Editor/Data/Managed'
Mono path[1] = 'D:/Program Files/Unity/2021.1.0a6/Editor/Data/MonoBleedingEdge/lib/mono/unityjit'
Mono config path = 'D:/Program Files/Unity/2021.1.0a6/Editor/Data/MonoBleedingEdge/etc'
Using monoOptions --debugger-agent=transport=dt_socket,embedding=1,server=y,suspend=n,address=127.0.0.1:56448
Begin MonoManager ReloadAssembly
Registering precompiled unity dll's ...
Register platform support module: D:/Program Files/Unity/2021.1.0a6/Editor/Data/PlaybackEngines/WebGLSupport/UnityEditor.WebGL.Extensions.dll
Register platform support module: D:/Program Files/Unity/2021.1.0a6/Editor/Data/PlaybackEngines/WindowsStandaloneSupport/UnityEditor.WindowsStandalone.Extensions.dll
Registered in 0.005937 seconds.
Native extension for WindowsStandalone target not found
Native extension for WebGL target not found
Refreshing native plugins compatible for Editor in 210.90 ms, found 2 plugins.
Preloading 0 native plugins for Editor in 0.00 ms.
Mono: successfully reloaded assembly
- Completed reload, in  6.200 seconds
Platform modules already initialized, skipping
Registering precompiled user dll's ...
Registered in 0.004563 seconds.
